<?xml version="1.0" encoding="UTF-8"?>
<!-- Generated by org.testng.reporters.JUnitReportReporter -->
<testsuite hostname="Mr-PC" name="Cucumber.Cucumber_TestNG.TestRunner" tests="2" failures="0" timestamp="23 Oct 2016 11:47:42 GMT" time="444.348" errors="0">
  <testcase name="f" time="0.002" classname="Cucumber.Cucumber_TestNG.TestRunner"/>
  <testcase name="feature" time="444.346" classname="Cucumber.Cucumber_TestNG.TestRunner"/>
</testsuite> <!-- Cucumber.Cucumber_TestNG.TestRunner -->
