<?xml version="1.0" encoding="UTF-8"?>
<!-- Generated by org.testng.reporters.JUnitReportReporter -->
<testsuite hostname="Mr-PC" name="Cucumber.Cucumber_TestNG.TestRunner" tests="2" failures="0" timestamp="23 Oct 2016 11:51:16 GMT" time="23.647" errors="0">
  <testcase name="feature" time="23.646" classname="Cucumber.Cucumber_TestNG.TestRunner"/>
  <testcase name="f" time="0.001" classname="Cucumber.Cucumber_TestNG.TestRunner"/>
</testsuite> <!-- Cucumber.Cucumber_TestNG.TestRunner -->
