<?xml version="1.0" encoding="UTF-8"?>
<!-- Generated by org.testng.reporters.JUnitReportReporter -->
<testsuite hostname="Mr-PC" name="com.allproperty.propertyguru.AppiumSampleTest" tests="1" failures="0" timestamp="7 Nov 2016 16:09:27 GMT" time="39.443" errors="0">
  <testcase name="sampleTest" time="39.443" classname="com.allproperty.propertyguru.AppiumSampleTest"/>
</testsuite> <!-- com.allproperty.propertyguru.AppiumSampleTest -->
