<?xml version="1.0" encoding="UTF-8"?>
<!-- Generated by org.testng.reporters.JUnitReportReporter -->
<testsuite hostname="Mr-PC" name="SelendroidTest.Sendroid.FirstTest" tests="1" failures="0" timestamp="17 Oct 2016 09:39:06 GMT" time="8.105" errors="0">
  <testcase name="f" time="8.105" classname="SelendroidTest.Sendroid.FirstTest"/>
</testsuite> <!-- SelendroidTest.Sendroid.FirstTest -->
