<?xml version="1.0" encoding="UTF-8"?>
<!-- Generated by org.testng.reporters.JUnitReportReporter -->
<testsuite hostname="Mr-PC" name="Selenium.Test.NewTest" tests="3" failures="0" timestamp="6 Oct 2016 07:38:50 GMT" time="37.602" errors="0">
  <testcase name="chromeDriverTest" time="11.717" classname="Selenium.Test.NewTest"/>
  <testcase name="ieDriverTest" time="9.330" classname="Selenium.Test.NewTest"/>
  <testcase name="firefoxLauncherTest" time="16.555" classname="Selenium.Test.NewTest"/>
</testsuite> <!-- Selenium.Test.NewTest -->
