<?xml version="1.0" encoding="UTF-8"?>
<!-- Generated by org.testng.reporters.JUnitReportReporter -->
<testsuite hostname="Mr-PC" name="Selenium.Test.ParallelTest1" tests="3" failures="0" timestamp="11 Oct 2016 14:50:05 GMT" time="42.035" errors="0">
  <testcase name="faceBookLauncher" time="14.028" classname="Selenium.Test.ParallelTest1"/>
  <testcase name="faceBookLauncher" time="10.422" classname="Selenium.Test.ParallelTest1"/>
  <testcase name="faceBookLauncher" time="17.585" classname="Selenium.Test.ParallelTest1"/>
</testsuite> <!-- Selenium.Test.ParallelTest1 -->
