<?xml version="1.0" encoding="UTF-8"?>
<!-- Generated by org.testng.reporters.JUnitReportReporter -->
<testsuite hostname="Mr-PC" name="Selenium.Test.ParallelTest2" tests="1" failures="0" timestamp="6 Oct 2016 07:37:44 GMT" time="11.270" errors="0">
  <testcase name="googleLauncher" time="11.270" classname="Selenium.Test.ParallelTest2"/>
</testsuite> <!-- Selenium.Test.ParallelTest2 -->
