<?xml version="1.0" encoding="UTF-8"?>
<!-- Generated by org.testng.reporters.JUnitReportReporter -->
<testsuite hostname="Mr-PC" name="Selenium.Test.practice" tests="1" failures="0" timestamp="27 Oct 2016 12:05:40 GMT" time="0.018" errors="0">
  <testcase name="f" time="0.018" classname="Selenium.Test.practice"/>
</testsuite> <!-- Selenium.Test.practice -->
