<?xml version="1.0" encoding="UTF-8"?>
<!-- Generated by org.testng.reporters.JUnitReportReporter -->
<testsuite hostname="Mr-PC" name="CucumberTest.Cucumber.SampleLoginTest" tests="1" failures="0" timestamp="21 Oct 2016 10:44:58 GMT" time="18.735" errors="0">
  <testcase name="loginTest" time="18.735" classname="CucumberTest.Cucumber.SampleLoginTest"/>
</testsuite> <!-- CucumberTest.Cucumber.SampleLoginTest -->
